<?xml version="1.0" encoding="UTF-8"?>
<testng-results skipped="0" failed="0" ignored="0" total="1" passed="1">
  <reporter-output>
  </reporter-output>
  <suite name="Default suite" duration-ms="16009" started-at="2020-09-12T19:17:07Z" finished-at="2020-09-12T19:17:23Z">
    <groups>
    </groups>
    <test name="Default test" duration-ms="16009" started-at="2020-09-12T19:17:07Z" finished-at="2020-09-12T19:17:23Z">
      <class name="TestCases.TC001">
        <test-method status="PASS" signature="openApp()[pri:0, instance:TestCases.TC001@73846619]" name="openApp" is-config="true" duration-ms="11916" started-at="2020-09-12T19:17:07Z" finished-at="2020-09-12T19:17:19Z">
          <reporter-output>
          </reporter-output>
        </test-method> <!-- openApp -->
        <test-method status="PASS" signature="testTC001()[pri:0, instance:TestCases.TC001@73846619]" name="testTC001" duration-ms="2850" started-at="2020-09-12T19:17:19Z" finished-at="2020-09-12T19:17:22Z">
          <reporter-output>
          </reporter-output>
        </test-method> <!-- testTC001 -->
        <test-method status="PASS" signature="closeApp()[pri:0, instance:TestCases.TC001@73846619]" name="closeApp" is-config="true" duration-ms="1218" started-at="2020-09-12T19:17:22Z" finished-at="2020-09-12T19:17:23Z">
          <reporter-output>
          </reporter-output>
        </test-method> <!-- closeApp -->
      </class> <!-- TestCases.TC001 -->
    </test> <!-- Default test -->
  </suite> <!-- Default suite -->
</testng-results>
